<?xml version="1.0" encoding="UTF-8"?>
<!-- Generated by org.testng.reporters.JUnitXMLReporter -->
<testsuite ignored="0" hostname="BDC9-LX-F27R3RN" failures="0" tests="3" name="Default test" time="4.334" errors="0" timestamp="2021-06-05T15:17:44 IST">
  <testcase classname="RestAPI.DemoProject.DynamicJson" name="addBook" time="3.887"/>
  <testcase classname="RestAPI.DemoProject.DynamicJson" name="addBook" time="0.232"/>
  <testcase classname="RestAPI.DemoProject.DynamicJson" name="addBook" time="0.171"/>
</testsuite> <!-- Default test -->
