<?xml version="1.0" encoding="UTF-8"?>
<testng-results ignored="0" total="3" passed="3" failed="0" skipped="0">
  <reporter-output>
  </reporter-output>
  <suite started-at="2021-06-05T15:17:40 IST" name="Default suite" finished-at="2021-06-05T15:17:44 IST" duration-ms="4334">
    <groups>
    </groups>
    <test started-at="2021-06-05T15:17:40 IST" name="Default test" finished-at="2021-06-05T15:17:44 IST" duration-ms="4334">
      <class name="RestAPI.DemoProject.DynamicJson">
        <test-method signature="addBook(java.lang.String, java.lang.String)[pri:0, instance:RestAPI.DemoProject.DynamicJson@3315d2d7]" started-at="2021-06-05T15:17:40 IST" name="addBook" data-provider="getData" finished-at="2021-06-05T15:17:44 IST" duration-ms="3887" status="PASS">
          <params>
            <param index="0">
              <value>
                <![CDATA[kjnsds]]>
              </value>
            </param>
            <param index="1">
              <value>
                <![CDATA[abdjs34]]>
              </value>
            </param>
          </params>
          <reporter-output>
          </reporter-output>
        </test-method> <!-- addBook -->
        <test-method signature="addBook(java.lang.String, java.lang.String)[pri:0, instance:RestAPI.DemoProject.DynamicJson@3315d2d7]" started-at="2021-06-05T15:17:44 IST" name="addBook" data-provider="getData" finished-at="2021-06-05T15:17:44 IST" duration-ms="232" status="PASS">
          <params>
            <param index="0">
              <value>
                <![CDATA[fsmca]]>
              </value>
            </param>
            <param index="1">
              <value>
                <![CDATA[asjlna89]]>
              </value>
            </param>
          </params>
          <reporter-output>
          </reporter-output>
        </test-method> <!-- addBook -->
        <test-method signature="addBook(java.lang.String, java.lang.String)[pri:0, instance:RestAPI.DemoProject.DynamicJson@3315d2d7]" started-at="2021-06-05T15:17:44 IST" name="addBook" data-provider="getData" finished-at="2021-06-05T15:17:44 IST" duration-ms="171" status="PASS">
          <params>
            <param index="0">
              <value>
                <![CDATA[fshwoww]]>
              </value>
            </param>
            <param index="1">
              <value>
                <![CDATA[dkl0934]]>
              </value>
            </param>
          </params>
          <reporter-output>
          </reporter-output>
        </test-method> <!-- addBook -->
      </class> <!-- RestAPI.DemoProject.DynamicJson -->
    </test> <!-- Default test -->
  </suite> <!-- Default suite -->
</testng-results>
